lib/android/app/build/intermediates/manifest_merge_blame_file/reactNative60Release/manifest-merger-blame-reactNative60-release-report.txt
1<?xml version="1.0" encoding="utf-8"?>
2<manifest xmlns:android="http://schemas.android.com/apk/res/android"
3    package="com.wix.reactnativenotifications" >
4
5    <uses-sdk
6        android:minSdkVersion="23"
6-->src/main/AndroidManifest.xml
7        android:targetSdkVersion="30" />
7-->src/main/AndroidManifest.xml
8
9    <application>
9-->src/main/AndroidManifest.xml:6:5-26:19
10
11<!--          A proxy-service that gives the library an opportunity to do some work before launching/resuming the actual application task. -->
12        <service android:name="com.wix.reactnativenotifications.core.ProxyService" />
12-->src/main/AndroidManifest.xml:11:9-53
12-->src/main/AndroidManifest.xml:11:18-51
13        <service
13-->src/main/AndroidManifest.xml:13:9-20:19
14            android:name="com.wix.reactnativenotifications.fcm.FcmInstanceIdListenerService"
14-->src/main/AndroidManifest.xml:14:13-61
15            android:exported="true" >
15-->src/main/AndroidManifest.xml:15:13-36
16            <intent-filter>
16-->src/main/AndroidManifest.xml:16:13-19:29
17                <action android:name="com.google.firebase.MESSAGING_EVENT" />
17-->src/main/AndroidManifest.xml:17:17-78
17-->src/main/AndroidManifest.xml:17:25-75
18                <action android:name="com.google.firebase.INSTANCE_ID_EVENT" />
18-->src/main/AndroidManifest.xml:18:17-80
18-->src/main/AndroidManifest.xml:18:25-77
19            </intent-filter>
20        </service>
21        <service
21-->src/main/AndroidManifest.xml:22:9-25:72
22            android:name="com.wix.reactnativenotifications.fcm.FcmInstanceIdRefreshHandlerService"
22-->src/main/AndroidManifest.xml:23:13-67
23            android:exported="false"
23-->src/main/AndroidManifest.xml:24:13-37
24            android:permission="android.permission.BIND_JOB_SERVICE" />
24-->src/main/AndroidManifest.xml:25:13-69
25    </application>
26
27</manifest>